#
# A fatal error has been detected by the Java Runtime Environment:
#
#  EXCEPTION_ACCESS_VIOLATION (0xc0000005) at pc=0x000000006335eb96, pid=10284, tid=0x0000000000002940
#
# JRE version: OpenJDK Runtime Environment (8.0_202-b03) (build 1.8.0_202-release-1483-b03)
# Java VM: OpenJDK 64-Bit Server VM (25.202-b03 mixed mode windows-amd64 compressed oops)
# Problematic frame:
# V  [jvm.dll+0x3ceb96]
#
# Failed to write core dump. Minidumps are not enabled by default on client versions of Windows
#
# If you would like to submit a bug report, please visit:
#   http://bugreport.java.com/bugreport/crash.jsp
#

---------------  T H R E A D  ---------------

Current thread (0x0000000002d0b800):  GCTaskThread [stack: 0x00000000129c0000,0x0000000012ac0000] [id=10560]

siginfo: ExceptionCode=0xc0000005, reading address 0xffffffffffffffff

Registers:
RAX=0x32b4000000000000, RBX=0x00000000ed21005a, RCX=0x00000000ed21005a, RDX=0x0000000003810000
RSP=0x0000000012abf660, RBP=0x000000000000009d, RSI=0x00000000167247c0, RDI=0x000000001d600570
R8 =0x000000000000009d, R9 =0x0000000003810000, R10=0x0000000000000000, R11=0x0000000012abf6c0
R12=0x00000000635a9508, R13=0x32b4000000000000, R14=0x0000000002d0c100, R15=0x0000000002d0c150
RIP=0x000000006335eb96, EFLAGS=0x0000000000010206

Top of Stack: (sp=0x0000000012abf660)
0x0000000012abf660:   00002878000008c0 00007ffea6f92224
0x0000000012abf670:   000013c600000e86 00002878000008c0
0x0000000012abf680:   0000000000000200 00002877000008c0
0x0000000012abf690:   000013c600000e87 00000000631e630f
0x0000000012abf6a0:   0000000002d0c140 0000000002cfda20
0x0000000012abf6b0:   00000000635a9508 000000006335eef0
0x0000000012abf6c0:   00000000a164300c 0000000000000000
0x0000000012abf6d0:   0000000000000003 000000001d600570
0x0000000012abf6e0:   00000000167247c0 00000000633621d1
0x0000000012abf6f0:   000013c600000e87 00000000167247c0
0x0000000012abf700:   0000000000000000 00000000a2f09985
0x0000000012abf710:   000000001d600570 0000000000000000
0x0000000012abf720:   0000000000000000 0000000063350d9e
0x0000000012abf730:   0000000079567e50 0000000002d0b800
0x0000000012abf740:   0000000000000000 00000000a164300d
0x0000000012abf750:   0000000002d0b800 0000000002cfdb60 

Instructions: (pc=0x000000006335eb96)
0x000000006335eb76:   48 8b 52 08 48 8b cb e8 ce ca cb ff 48 63 e8 41
0x000000006335eb86:   0f b6 c5 f6 d0 a8 01 49 8b c5 74 06 48 83 e0 fd
0x000000006335eb96:   8b 00 48 c1 e8 03 83 e0 0f 3b 05 93 b4 3f 00 0f
0x000000006335eba6:   83 11 01 00 00 48 8b d5 48 8b ce e8 3a fa ff ff 


Register to memory mapping:

RAX=0x32b4000000000000 is an unknown value
RBX=0x00000000ed21005a is an unknown value
RCX=0x00000000ed21005a is an unknown value
RDX=0x0000000003810000 is at entry_point+-192 in (nmethod*)0x000000000380ff50
RSP=0x0000000012abf660 is an unknown value
RBP=0x000000000000009d is an unknown value
RSI=0x00000000167247c0 is an unknown value
RDI=0x000000001d600570 is an unknown value
R8 =0x000000000000009d is an unknown value
R9 =0x0000000003810000 is at entry_point+-192 in (nmethod*)0x000000000380ff50
R10=0x0000000000000000 is an unknown value
R11=0x0000000012abf6c0 is an unknown value
R12=0x00000000635a9508 is an unknown value
R13=0x32b4000000000000 is an unknown value
R14=0x0000000002d0c100 is an unknown value
R15=0x0000000002d0c150 is an unknown value


Stack: [0x00000000129c0000,0x0000000012ac0000],  sp=0x0000000012abf660,  free space=1021k
Native frames: (J=compiled Java code, j=interpreted, Vv=VM code, C=native code)
V  [jvm.dll+0x3ceb96]
V  [jvm.dll+0x3ceef0]
V  [jvm.dll+0x3d21d1]
V  [jvm.dll+0x3c0d9e]
V  [jvm.dll+0x26f5ba]
C  [msvcr100.dll+0x21d9f]
C  [msvcr100.dll+0x21e3b]
C  [KERNEL32.DLL+0x17974]
C  [ntdll.dll+0x6a271]


---------------  P R O C E S S  ---------------

Java Threads: ( => current thread )
  0x000000001de8b000 JavaThread "Cache worker for execution history cache (E:\AndroidWorkSpace\Weather Forecast\.gradle\5.1.1\executionHistory)" [_thread_blocked, id=10680, stack(0x0000000026830000,0x0000000026930000)]
  0x0000000018f96800 JavaThread "Execution worker for ':' Thread 3" [_thread_blocked, id=9168, stack(0x0000000026730000,0x0000000026830000)]
  0x0000000018f96000 JavaThread "Execution worker for ':' Thread 2" [_thread_blocked, id=692, stack(0x0000000026630000,0x0000000026730000)]
  0x0000000018f94800 JavaThread "Execution worker for ':'" [_thread_blocked, id=8616, stack(0x0000000026530000,0x0000000026630000)]
  0x0000000018f95000 JavaThread "Cache worker for file content cache (E:\AndroidWorkSpace\Weather Forecast\.gradle\5.1.1\fileContent)" [_thread_blocked, id=11800, stack(0x0000000026430000,0x0000000026530000)]
  0x0000000018f93800 JavaThread "Cache worker for Build Output Cleanup Cache (E:\AndroidWorkSpace\Weather Forecast\.gradle\buildOutputCleanup)" [_thread_blocked, id=1844, stack(0x0000000026330000,0x0000000026430000)]
  0x0000000018f8c000 JavaThread "Build operations Thread 4" [_thread_blocked, id=13908, stack(0x0000000026230000,0x0000000026330000)]
  0x0000000018f8f000 JavaThread "Build operations Thread 3" [_thread_blocked, id=3620, stack(0x0000000026130000,0x0000000026230000)]
  0x0000000018f8e800 JavaThread "Build operations Thread 2" [_thread_blocked, id=992, stack(0x0000000026030000,0x0000000026130000)]
  0x0000000018f93000 JavaThread "Build operations" [_thread_blocked, id=11868, stack(0x0000000025f30000,0x0000000026030000)]
  0x0000000018f8d000 JavaThread "Cache worker for cache directory md-rule (C:\Users\snuka\.gradle\caches\5.1.1\md-rule)" [_thread_blocked, id=980, stack(0x0000000025e30000,0x0000000025f30000)]
  0x0000000018f92000 JavaThread "Cache worker for cache directory md-supplier (C:\Users\snuka\.gradle\caches\5.1.1\md-supplier)" [_thread_blocked, id=12564, stack(0x0000000025d30000,0x0000000025e30000)]
  0x0000000018f8b800 JavaThread "Cache worker for file hash cache (E:\AndroidWorkSpace\Weather Forecast\.gradle\5.1.1\fileHashes)" [_thread_blocked, id=7608, stack(0x0000000025c30000,0x0000000025d30000)]
  0x0000000018f91800 JavaThread "Thread-52" [_thread_blocked, id=8760, stack(0x0000000025b30000,0x0000000025c30000)]
  0x0000000018f8d800 JavaThread "Stdin handler" [_thread_blocked, id=9388, stack(0x0000000025a30000,0x0000000025b30000)]
  0x0000000018f8a000 JavaThread "Asynchronous log dispatcher for DefaultDaemonConnection: socket connection from /127.0.0.1:54649 to /127.0.0.1:58909" [_thread_blocked, id=12880, stack(0x0000000025930000,0x0000000025a30000)]
  0x0000000018f90800 JavaThread "Daemon worker Thread 3" [_thread_blocked, id=1944, stack(0x0000000025830000,0x0000000025930000)]
  0x0000000018f89000 JavaThread "Cancel handler" [_thread_blocked, id=6680, stack(0x0000000025730000,0x0000000025830000)]
  0x0000000018f90000 JavaThread "Handler for socket connection from /127.0.0.1:54649 to /127.0.0.1:58909" [_thread_in_native, id=14192, stack(0x0000000025630000,0x0000000025730000)]
  0x0000000018f88000 JavaThread "Daemon Thread 3" [_thread_blocked, id=6648, stack(0x0000000025530000,0x0000000025630000)]
  0x000000001de94000 JavaThread "Cache worker for file content cache (C:\Users\snuka\.gradle\caches\5.1.1\fileContent)" [_thread_blocked, id=12992, stack(0x0000000024d30000,0x0000000024e30000)]
  0x000000001de87000 JavaThread "Memory manager" [_thread_blocked, id=1548, stack(0x0000000023430000,0x0000000023530000)]
  0x000000001de86800 JavaThread "Cache worker for execution history cache (C:\Users\snuka\.gradle\caches\5.1.1\executionHistory)" [_thread_blocked, id=5112, stack(0x0000000020460000,0x0000000020560000)]
  0x0000000019afa800 JavaThread "Cache worker for journal cache (C:\Users\snuka\.gradle\caches\journal-1)" [_thread_blocked, id=3908, stack(0x000000001b210000,0x000000001b310000)]
  0x0000000019afa000 JavaThread "File lock request listener" [_thread_in_native, id=2976, stack(0x000000001b110000,0x000000001b210000)]
  0x0000000019ae1000 JavaThread "Cache worker for file hash cache (C:\Users\snuka\.gradle\caches\5.1.1\fileHashes)" [_thread_blocked, id=8200, stack(0x000000001b010000,0x000000001b110000)]
  0x0000000018812000 JavaThread "Daemon periodic checks" [_thread_blocked, id=200, stack(0x000000001a610000,0x000000001a710000)]
  0x00000000182a1000 JavaThread "Incoming local TCP Connector on port 54649" [_thread_in_native, id=10088, stack(0x000000001a3d0000,0x000000001a4d0000)]
  0x0000000017fe6800 JavaThread "Service Thread" daemon [_thread_blocked, id=404, stack(0x00000000184c0000,0x00000000185c0000)]
  0x00000000167b5800 JavaThread "C1 CompilerThread2" daemon [_thread_blocked, id=5676, stack(0x00000000183c0000,0x00000000184c0000)]
  0x00000000167b2000 JavaThread "C2 CompilerThread1" daemon [_thread_blocked, id=14220, stack(0x0000000017ec0000,0x0000000017fc0000)]
  0x0000000016768800 JavaThread "C2 CompilerThread0" daemon [_thread_blocked, id=8344, stack(0x0000000017dc0000,0x0000000017ec0000)]
  0x0000000016766800 JavaThread "Attach Listener" daemon [_thread_blocked, id=14428, stack(0x0000000017cc0000,0x0000000017dc0000)]
  0x0000000016765000 JavaThread "Signal Dispatcher" daemon [_thread_blocked, id=9800, stack(0x0000000017bc0000,0x0000000017cc0000)]
  0x0000000002dec800 JavaThread "Finalizer" daemon [_thread_blocked, id=8484, stack(0x00000000179c0000,0x0000000017ac0000)]
  0x0000000016749000 JavaThread "Reference Handler" daemon [_thread_blocked, id=8944, stack(0x00000000178c0000,0x00000000179c0000)]
  0x0000000002ced800 JavaThread "main" [_thread_blocked, id=4192, stack(0x0000000002bb0000,0x0000000002cb0000)]

Other Threads:
  0x0000000016727000 VMThread [stack: 0x00000000177c0000,0x00000000178c0000] [id=6344]
  0x0000000017fe8000 WatcherThread [stack: 0x00000000185c0000,0x00000000186c0000] [id=14732]

=>0x0000000002d0b800 (exited) GCTaskThread [stack: 0x00000000129c0000,0x0000000012ac0000] [id=10560]

VM state:at safepoint (normal execution)

VM Mutex/Monitor currently owned by a thread:  ([mutex/lock_event])
[0x0000000002cec4d0] Threads_lock - owner thread: 0x0000000016727000
[0x0000000002cec650] Heap_lock - owner thread: 0x0000000018f96800

heap address: 0x00000000a0000000, size: 1536 MB, Compressed Oops mode: 32-bit
Narrow klass base: 0x0000000000000000, Narrow klass shift: 3
Compressed class space size: 1073741824 Address: 0x0000000100000000

Heap:
 PSYoungGen      total 205312K, used 205284K [0x00000000e0000000, 0x00000000f0280000, 0x0000000100000000)
  eden space 189440K, 100% used [0x00000000e0000000,0x00000000eb900000,0x00000000eb900000)
  from space 15872K, 99% used [0x00000000ef300000,0x00000000f0279188,0x00000000f0280000)
  to   space 18432K, 41% used [0x00000000ede80000,0x00000000ee5fc1f0,0x00000000ef080000)
 ParOldGen       total 117248K, used 48445K [0x00000000a0000000, 0x00000000a7280000, 0x00000000e0000000)
  object space 117248K, 41% used [0x00000000a0000000,0x00000000a2f4f7a0,0x00000000a7280000)
 Metaspace       used 70866K, capacity 73314K, committed 73620K, reserved 1114112K
  class space    used 9297K, capacity 9835K, committed 9916K, reserved 1048576K

Card table byte_map: [0x00000000121b0000,0x00000000124c0000] byte_map_base: 0x0000000011cb0000

Marking Bits: (ParMarkBitMap*) 0x0000000063759f30
 Begin Bits: [0x0000000012ac0000, 0x00000000142c0000)
 End Bits:   [0x00000000142c0000, 0x0000000015ac0000)

Polling page: 0x00000000013b0000

CodeCache: size=245760Kb used=29778Kb max_used=29895Kb free=215981Kb
 bounds [0x0000000002df0000, 0x0000000004b50000, 0x0000000011df0000]
 total_blobs=10059 nmethods=9244 adapters=728
 compilation: enabled

Compilation events (10 events):
Event: 9772.181 Thread 0x00000000167b5800 10643       3       org.gradle.api.internal.tasks.execution.SelfDescribingSpec::<init> (15 bytes)
Event: 9772.181 Thread 0x00000000167b5800 nmethod 10643 0x0000000004752a90 code [0x0000000004752be0, 0x0000000004752db0]
Event: 9772.182 Thread 0x00000000167b5800 10644       1       org.gradle.api.internal.tasks.DefaultTaskOutputs::access$000 (5 bytes)
Event: 9772.182 Thread 0x00000000167b5800 nmethod 10644 0x0000000003b7f9d0 code [0x0000000003b7fb20, 0x0000000003b7fc10]
Event: 9772.184 Thread 0x00000000167b2000 10645       4       org.gradle.internal.operations.BuildOperationDescriptor::<init> (50 bytes)
Event: 9772.185 Thread 0x00000000167b2000 nmethod 10645 0x0000000004507f50 code [0x0000000004508080, 0x0000000004508138]
Event: 9772.185 Thread 0x00000000167b2000 10646       4       org.gradle.internal.logging.progress.DefaultProgressLoggerFactory$ProgressLoggerImpl::assertCanConfigure (32 bytes)
Event: 9772.186 Thread 0x00000000167b2000 nmethod 10646 0x0000000004970dd0 code [0x0000000004970f00, 0x0000000004970f78]
Event: 9772.188 Thread 0x00000000167b5800 10647       1       org.gradle.api.internal.artifacts.ivyservice.DefaultLenientConfiguration::access$600 (5 bytes)
Event: 9772.198 Thread 0x00000000167b5800 nmethod 10647 0x00000000047527d0 code [0x0000000004752920, 0x0000000004752a10]

GC Heap History (10 events):
Event: 27.224 GC heap after
Heap after GC invocations=13 (full 2):
 PSYoungGen      total 160768K, used 5607K [0x00000000e0000000, 0x00000000edd80000, 0x0000000100000000)
  eden space 146432K, 0% used [0x00000000e0000000,0x00000000e0000000,0x00000000e8f00000)
  from space 14336K, 39% used [0x00000000e8f00000,0x00000000e9479ea8,0x00000000e9d00000)
  to   space 14336K, 0% used [0x00000000ecf80000,0x00000000ecf80000,0x00000000edd80000)
 ParOldGen       total 78848K, used 26813K [0x00000000a0000000, 0x00000000a4d00000, 0x00000000e0000000)
  object space 78848K, 34% used [0x00000000a0000000,0x00000000a1a2f550,0x00000000a4d00000)
 Metaspace       used 51003K, capacity 52008K, committed 52440K, reserved 1095680K
  class space    used 6825K, capacity 7095K, committed 7168K, reserved 1048576K
}
Event: 29.633 GC heap before
{Heap before GC invocations=14 (full 2):
 PSYoungGen      total 160768K, used 112093K [0x00000000e0000000, 0x00000000edd80000, 0x0000000100000000)
  eden space 146432K, 72% used [0x00000000e0000000,0x00000000e67fd760,0x00000000e8f00000)
  from space 14336K, 39% used [0x00000000e8f00000,0x00000000e9479ea8,0x00000000e9d00000)
  to   space 14336K, 0% used [0x00000000ecf80000,0x00000000ecf80000,0x00000000edd80000)
 ParOldGen       total 78848K, used 26813K [0x00000000a0000000, 0x00000000a4d00000, 0x00000000e0000000)
  object space 78848K, 34% used [0x00000000a0000000,0x00000000a1a2f550,0x00000000a4d00000)
 Metaspace       used 57657K, capacity 58964K, committed 59028K, reserved 1099776K
  class space    used 7744K, capacity 8091K, committed 8124K, reserved 1048576K
Event: 29.652 GC heap after
Heap after GC invocations=14 (full 2):
 PSYoungGen      total 208384K, used 9561K [0x00000000e0000000, 0x00000000edb80000, 0x0000000100000000)
  eden space 196096K, 0% used [0x00000000e0000000,0x00000000e0000000,0x00000000ebf80000)
  from space 12288K, 77% used [0x00000000ecf80000,0x00000000ed8d6440,0x00000000edb80000)
  to   space 14336K, 0% used [0x00000000ebf80000,0x00000000ebf80000,0x00000000ecd80000)
 ParOldGen       total 78848K, used 28848K [0x00000000a0000000, 0x00000000a4d00000, 0x00000000e0000000)
  object space 78848K, 36% used [0x00000000a0000000,0x00000000a1c2c220,0x00000000a4d00000)
 Metaspace       used 57657K, capacity 58964K, committed 59028K, reserved 1099776K
  class space    used 7744K, capacity 8091K, committed 8124K, reserved 1048576K
}
Event: 29.652 GC heap before
{Heap before GC invocations=15 (full 3):
 PSYoungGen      total 208384K, used 9561K [0x00000000e0000000, 0x00000000edb80000, 0x0000000100000000)
  eden space 196096K, 0% used [0x00000000e0000000,0x00000000e0000000,0x00000000ebf80000)
  from space 12288K, 77% used [0x00000000ecf80000,0x00000000ed8d6440,0x00000000edb80000)
  to   space 14336K, 0% used [0x00000000ebf80000,0x00000000ebf80000,0x00000000ecd80000)
 ParOldGen       total 78848K, used 28848K [0x00000000a0000000, 0x00000000a4d00000, 0x00000000e0000000)
  object space 78848K, 36% used [0x00000000a0000000,0x00000000a1c2c220,0x00000000a4d00000)
 Metaspace       used 57657K, capacity 58964K, committed 59028K, reserved 1099776K
  class space    used 7744K, capacity 8091K, committed 8124K, reserved 1048576K
Event: 29.959 GC heap after
Heap after GC invocations=15 (full 3):
 PSYoungGen      total 208384K, used 0K [0x00000000e0000000, 0x00000000edb80000, 0x0000000100000000)
  eden space 196096K, 0% used [0x00000000e0000000,0x00000000e0000000,0x00000000ebf80000)
  from space 12288K, 0% used [0x00000000ecf80000,0x00000000ecf80000,0x00000000edb80000)
  to   space 14336K, 0% used [0x00000000ebf80000,0x00000000ebf80000,0x00000000ecd80000)
 ParOldGen       total 117248K, used 32855K [0x00000000a0000000, 0x00000000a7280000, 0x00000000e0000000)
  object space 117248K, 28% used [0x00000000a0000000,0x00000000a2015ca8,0x00000000a7280000)
 Metaspace       used 57657K, capacity 58964K, committed 59028K, reserved 1099776K
  class space    used 7744K, capacity 8091K, committed 8124K, reserved 1048576K
}
Event: 249.520 GC heap before
{Heap before GC invocations=16 (full 3):
 PSYoungGen      total 208384K, used 196096K [0x00000000e0000000, 0x00000000edb80000, 0x0000000100000000)
  eden space 196096K, 100% used [0x00000000e0000000,0x00000000ebf80000,0x00000000ebf80000)
  from space 12288K, 0% used [0x00000000ecf80000,0x00000000ecf80000,0x00000000edb80000)
  to   space 14336K, 0% used [0x00000000ebf80000,0x00000000ebf80000,0x00000000ecd80000)
 ParOldGen       total 117248K, used 32855K [0x00000000a0000000, 0x00000000a7280000, 0x00000000e0000000)
  object space 117248K, 28% used [0x00000000a0000000,0x00000000a2015ca8,0x00000000a7280000)
 Metaspace       used 64868K, capacity 66784K, committed 67092K, reserved 1107968K
  class space    used 8497K, capacity 8965K, committed 9020K, reserved 1048576K
Event: 249.543 GC heap after
Heap after GC invocations=16 (full 3):
 PSYoungGen      total 210432K, used 13482K [0x00000000e0000000, 0x00000000f0280000, 0x0000000100000000)
  eden space 196096K, 0% used [0x00000000e0000000,0x00000000e0000000,0x00000000ebf80000)
  from space 14336K, 94% used [0x00000000ebf80000,0x00000000eccaa850,0x00000000ecd80000)
  to   space 15872K, 0% used [0x00000000ef300000,0x00000000ef300000,0x00000000f0280000)
 ParOldGen       total 117248K, used 32863K [0x00000000a0000000, 0x00000000a7280000, 0x00000000e0000000)
  object space 117248K, 28% used [0x00000000a0000000,0x00000000a2017ca8,0x00000000a7280000)
 Metaspace       used 64868K, capacity 66784K, committed 67092K, reserved 1107968K
  class space    used 8497K, capacity 8965K, committed 9020K, reserved 1048576K
}
Event: 1523.948 GC heap before
{Heap before GC invocations=17 (full 3):
 PSYoungGen      total 210432K, used 209578K [0x00000000e0000000, 0x00000000f0280000, 0x0000000100000000)
  eden space 196096K, 100% used [0x00000000e0000000,0x00000000ebf80000,0x00000000ebf80000)
  from space 14336K, 94% used [0x00000000ebf80000,0x00000000eccaa850,0x00000000ecd80000)
  to   space 15872K, 0% used [0x00000000ef300000,0x00000000ef300000,0x00000000f0280000)
 ParOldGen       total 117248K, used 32863K [0x00000000a0000000, 0x00000000a7280000, 0x00000000e0000000)
  object space 117248K, 28% used [0x00000000a0000000,0x00000000a2017ca8,0x00000000a7280000)
 Metaspace       used 69760K, capacity 72050K, committed 72212K, reserved 1112064K
  class space    used 9192K, capacity 9698K, committed 9788K, reserved 1048576K
Event: 1523.994 GC heap after
Heap after GC invocations=17 (full 3):
 PSYoungGen      total 205312K, used 15844K [0x00000000e0000000, 0x00000000f0280000, 0x0000000100000000)
  eden space 189440K, 0% used [0x00000000e0000000,0x00000000e0000000,0x00000000eb900000)
  from space 15872K, 99% used [0x00000000ef300000,0x00000000f0279188,0x00000000f0280000)
  to   space 18432K, 0% used [0x00000000ede80000,0x00000000ede80000,0x00000000ef080000)
 ParOldGen       total 117248K, used 34585K [0x00000000a0000000, 0x00000000a7280000, 0x00000000e0000000)
  object space 117248K, 29% used [0x00000000a0000000,0x00000000a21c67b0,0x00000000a7280000)
 Metaspace       used 69760K, capacity 72050K, committed 72212K, reserved 1112064K
  class space    used 9192K, capacity 9698K, committed 9788K, reserved 1048576K
}
Event: 9772.230 GC heap before
{Heap before GC invocations=18 (full 3):
 PSYoungGen      total 205312K, used 205284K [0x00000000e0000000, 0x00000000f0280000, 0x0000000100000000)
  eden space 189440K, 100% used [0x00000000e0000000,0x00000000eb900000,0x00000000eb900000)
  from space 15872K, 99% used [0x00000000ef300000,0x00000000f0279188,0x00000000f0280000)
  to   space 18432K, 0% used [0x00000000ede80000,0x00000000ede80000,0x00000000ef080000)
 ParOldGen       total 117248K, used 34585K [0x00000000a0000000, 0x00000000a7280000, 0x00000000e0000000)
  object space 117248K, 29% used [0x00000000a0000000,0x00000000a21c67b0,0x00000000a7280000)
 Metaspace       used 70866K, capacity 73314K, committed 73620K, reserved 1114112K
  class space    used 9297K, capacity 9835K, committed 9916K, reserved 1048576K

Deoptimization events (10 events):
Event: 3316.335 Thread 0x0000000018f88000 Uncommon trap: reason=unstable_if action=reinterpret pc=0x00000000047bccec method=java.text.DecimalFormat.subformat(Ljava/lang/StringBuffer;Ljava/text/Format$FieldDelegate;ZZIIII)Ljava/lang/StringBuffer; @ 814
Event: 7295.324 Thread 0x000000001de87000 Uncommon trap: reason=unstable_if action=reinterpret pc=0x0000000004815a54 method=java.text.DecimalFormat.format(JLjava/lang/StringBuffer;Ljava/text/Format$FieldDelegate;)Ljava/lang/StringBuffer; @ 136
Event: 7295.324 Thread 0x000000001de87000 Uncommon trap: reason=unstable_if action=reinterpret pc=0x000000000483e8fc method=java.text.DigitList.isZero()Z @ 7
Event: 9763.258 Thread 0x0000000018f8d800 Uncommon trap: reason=unstable_if action=reinterpret pc=0x00000000047c16e8 method=org.gradle.internal.logging.sink.OutputEventRenderer.onOutput(Lorg/gradle/internal/logging/events/OutputEvent;)V @ 24
Event: 9764.355 Thread 0x0000000018f90800 Uncommon trap: reason=unstable_if action=reinterpret pc=0x00000000038e14a0 method=sun.nio.fs.WindowsChannelFactory.newFileChannel(Ljava/lang/String;Ljava/lang/String;Ljava/util/Set;J)Ljava/nio/channels/FileChannel; @ 11
Event: 9767.822 Thread 0x0000000018f90800 Uncommon trap: reason=null_check action=make_not_entrant pc=0x00000000049704fc method=org.gradle.tooling.internal.provider.runner.SubtreeFilteringBuildOperationListener.finished(Lorg/gradle/internal/operations/BuildOperationDescriptor;Lorg/gradle/internal
Event: 9768.316 Thread 0x0000000018f90800 Uncommon trap: reason=unstable_if action=reinterpret pc=0x0000000004088eac method=com.google.common.collect.MapMakerInternalMap$Segment.getEntry(Ljava/lang/Object;I)Lcom/google/common/collect/MapMakerInternalMap$InternalEntry; @ 40
Event: 9769.555 Thread 0x0000000018f96800 Uncommon trap: reason=unstable_if action=reinterpret pc=0x0000000004ae5c24 method=org.gradle.api.internal.changedetection.state.CachingFileHasher.snapshot(Ljava/io/File;JJ)Lorg/gradle/api/internal/changedetection/state/CachingFileHasher$FileInfo; @ 48
Event: 9769.560 Thread 0x0000000018f96800 Uncommon trap: reason=unstable_if action=reinterpret pc=0x0000000004ad9204 method=org.gradle.api.internal.changedetection.state.CachingFileHasher.snapshot(Ljava/io/File;JJ)Lorg/gradle/api/internal/changedetection/state/CachingFileHasher$FileInfo; @ 48
Event: 9769.750 Thread 0x0000000018f96800 Uncommon trap: reason=null_check action=make_not_entrant pc=0x000000000497c2f8 method=org.gradle.api.internal.AbstractClassGenerator.isModelProperty(Lorg/gradle/api/internal/AbstractClassGenerator$PropertyMetaData;)Z @ 6

Classes redefined (0 events):
No events

Internal exceptions (10 events):
Event: 9767.568 Thread 0x0000000018f90800 Exception <a 'sun/nio/fs/WindowsException'> (0x00000000e7deb738) thrown at [D:\src\AOSP-openjdk-cygwin\jdk8u\hotspot\src\share\vm\prims\jni.cpp, line 710]
Event: 9767.568 Thread 0x0000000018f90800 Exception <a 'sun/nio/fs/WindowsException'> (0x00000000e7dec2c0) thrown at [D:\src\AOSP-openjdk-cygwin\jdk8u\hotspot\src\share\vm\prims\jni.cpp, line 710]
Event: 9767.569 Thread 0x0000000018f90800 Exception <a 'sun/nio/fs/WindowsException'> (0x00000000e7dee470) thrown at [D:\src\AOSP-openjdk-cygwin\jdk8u\hotspot\src\share\vm\prims\jni.cpp, line 710]
Event: 9767.569 Thread 0x0000000018f90800 Exception <a 'sun/nio/fs/WindowsException'> (0x00000000e7def018) thrown at [D:\src\AOSP-openjdk-cygwin\jdk8u\hotspot\src\share\vm\prims\jni.cpp, line 710]
Event: 9767.569 Thread 0x0000000018f90800 Exception <a 'sun/nio/fs/WindowsException'> (0x00000000e7df1d28) thrown at [D:\src\AOSP-openjdk-cygwin\jdk8u\hotspot\src\share\vm\prims\jni.cpp, line 710]
Event: 9767.569 Thread 0x0000000018f90800 Exception <a 'sun/nio/fs/WindowsException'> (0x00000000e7df28e0) thrown at [D:\src\AOSP-openjdk-cygwin\jdk8u\hotspot\src\share\vm\prims\jni.cpp, line 710]
Event: 9767.570 Thread 0x0000000018f90800 Exception <a 'sun/nio/fs/WindowsException'> (0x00000000e7df4b08) thrown at [D:\src\AOSP-openjdk-cygwin\jdk8u\hotspot\src\share\vm\prims\jni.cpp, line 710]
Event: 9767.570 Thread 0x0000000018f90800 Exception <a 'sun/nio/fs/WindowsException'> (0x00000000e7df56e0) thrown at [D:\src\AOSP-openjdk-cygwin\jdk8u\hotspot\src\share\vm\prims\jni.cpp, line 710]
Event: 9767.822 Thread 0x0000000018f90800 Implicit null exception at 0x000000000497001f to 0x00000000049704d5
Event: 9768.316 Thread 0x0000000018f90800 Implicit null exception at 0x0000000004086d0f to 0x0000000004088e85

Events (10 events):
Event: 9772.201 loading class org/jetbrains/kotlin/config/Services$Builder done
Event: 9772.202 loading class org/jetbrains/kotlin/compilerRunner/GradleCompilerEnvironment$toolsJar$2
Event: 9772.202 loading class org/jetbrains/kotlin/compilerRunner/GradleCompilerEnvironment$toolsJar$2 done
Event: 9772.203 loading class org/jetbrains/kotlin/build/JvmSourceRoot
Event: 9772.203 loading class org/jetbrains/kotlin/build/JvmSourceRoot done
Event: 9772.204 loading class org/jetbrains/kotlin/incremental/BuildUtilKt
Event: 9772.204 loading class org/jetbrains/kotlin/incremental/BuildUtilKt done
Event: 9772.229 loading class org/jetbrains/kotlin/modules/KotlinModuleXmlBuilder
Event: 9772.229 loading class org/jetbrains/kotlin/modules/KotlinModuleXmlBuilder done
Event: 9772.229 Executing VM operation: ParallelGCFailedAllocation


Dynamic libraries:
0x00007ff6c7b80000 - 0x00007ff6c7bb1000 	C:\Program Files\Android\Android Studio\jre\bin\java.exe
0x00007ffeaa180000 - 0x00007ffeaa36d000 	C:\Windows\SYSTEM32\ntdll.dll
0x00007ffea75e0000 - 0x00007ffea7693000 	C:\Windows\System32\KERNEL32.DLL
0x00007ffea6f30000 - 0x00007ffea71c3000 	C:\Windows\System32\KERNELBASE.dll
0x00007ffea7ac0000 - 0x00007ffea7b63000 	C:\Windows\System32\ADVAPI32.dll
0x00007ffea7410000 - 0x00007ffea74ae000 	C:\Windows\System32\msvcrt.dll
0x00007ffea95a0000 - 0x00007ffea963e000 	C:\Windows\System32\sechost.dll
0x00007ffea9ab0000 - 0x00007ffea9bd2000 	C:\Windows\System32\RPCRT4.dll
0x00007ffea7b70000 - 0x00007ffea7d07000 	C:\Windows\System32\USER32.dll
0x00007ffea71d0000 - 0x00007ffea71f0000 	C:\Windows\System32\win32u.dll
0x00007ffea9970000 - 0x00007ffea9999000 	C:\Windows\System32\GDI32.dll
0x00007ffea6c80000 - 0x00007ffea6e19000 	C:\Windows\System32\gdi32full.dll
0x00007ffea7310000 - 0x00007ffea73b0000 	C:\Windows\System32\msvcp_win.dll
0x00007ffea6b80000 - 0x00007ffea6c7a000 	C:\Windows\System32\ucrtbase.dll
0x00007ffe9dea0000 - 0x00007ffe9e119000 	C:\Windows\WinSxS\amd64_microsoft.windows.common-controls_6595b64144ccf1df_6.0.17763.615_none_05b4414a072024d4\COMCTL32.dll
0x00007ffea9640000 - 0x00007ffea996c000 	C:\Windows\System32\combase.dll
0x00007ffea6e80000 - 0x00007ffea6efe000 	C:\Windows\System32\bcryptPrimitives.dll
0x00007ffea9c40000 - 0x00007ffea9c6e000 	C:\Windows\System32\IMM32.DLL
0x00007ffea4ca0000 - 0x00007ffea4cdd000 	C:\Windows\system32\SophosAV\SOPHOS~1.DLL
0x00007ffea76c0000 - 0x00007ffea76c8000 	C:\Windows\System32\PSAPI.DLL
0x0000000062dd0000 - 0x0000000062ea2000 	C:\Program Files\Android\Android Studio\jre\jre\bin\msvcr100.dll
0x0000000062f90000 - 0x00000000637d6000 	C:\Program Files\Android\Android Studio\jre\jre\bin\server\jvm.dll
0x00007ffea4240000 - 0x00007ffea4264000 	C:\Windows\SYSTEM32\WINMM.dll
0x00007ffea1540000 - 0x00007ffea154a000 	C:\Windows\SYSTEM32\VERSION.dll
0x00007ffea0c60000 - 0x00007ffea0c69000 	C:\Windows\SYSTEM32\WSOCK32.dll
0x00007ffea9380000 - 0x00007ffea93ed000 	C:\Windows\System32\WS2_32.dll
0x00007ffea4210000 - 0x00007ffea423d000 	C:\Windows\SYSTEM32\WINMMBASE.dll
0x00007ffea71f0000 - 0x00007ffea723a000 	C:\Windows\System32\cfgmgr32.dll
0x00007ffe9f650000 - 0x00007ffe9f65f000 	C:\Program Files\Android\Android Studio\jre\jre\bin\verify.dll
0x00007ffe9cad0000 - 0x00007ffe9caf9000 	C:\Program Files\Android\Android Studio\jre\jre\bin\java.dll
0x00007ffe9cb00000 - 0x00007ffe9cb16000 	C:\Program Files\Android\Android Studio\jre\jre\bin\zip.dll
0x00007ffea7e90000 - 0x00007ffea9380000 	C:\Windows\System32\SHELL32.dll
0x00007ffea99a0000 - 0x00007ffea9a48000 	C:\Windows\System32\shcore.dll
0x00007ffea6250000 - 0x00007ffea699a000 	C:\Windows\System32\windows.storage.dll
0x00007ffea61a0000 - 0x00007ffea61c4000 	C:\Windows\System32\profapi.dll
0x00007ffea61d0000 - 0x00007ffea622d000 	C:\Windows\System32\powrprof.dll
0x00007ffea73b0000 - 0x00007ffea7402000 	C:\Windows\System32\shlwapi.dll
0x00007ffea6230000 - 0x00007ffea6241000 	C:\Windows\System32\kernel.appcore.dll
0x00007ffea7240000 - 0x00007ffea7257000 	C:\Windows\System32\cryptsp.dll
0x00007ffe9dd20000 - 0x00007ffe9dd3a000 	C:\Program Files\Android\Android Studio\jre\jre\bin\net.dll
0x00007ffea5610000 - 0x00007ffea5677000 	C:\Windows\system32\mswsock.dll
0x00007ffe80b90000 - 0x00007ffe80ba1000 	C:\Program Files\Android\Android Studio\jre\jre\bin\nio.dll
0x00007ffe988e0000 - 0x00007ffe988fe000 	C:\Users\snuka\.gradle\native\25\windows-amd64\native-platform.dll
0x00007ffe960a0000 - 0x00007ffe960ad000 	C:\Program Files\Android\Android Studio\jre\jre\bin\management.dll
0x00007ffea51d0000 - 0x00007ffea5203000 	C:\Windows\system32\rsaenh.dll
0x00007ffea6f00000 - 0x00007ffea6f26000 	C:\Windows\System32\bcrypt.dll
0x00007ffea6080000 - 0x00007ffea60a8000 	C:\Windows\SYSTEM32\USERENV.dll
0x00007ffea57e0000 - 0x00007ffea57ec000 	C:\Windows\SYSTEM32\CRYPTBASE.dll
0x00007ffea5370000 - 0x00007ffea53ad000 	C:\Windows\SYSTEM32\IPHLPAPI.DLL
0x00007ffea7750000 - 0x00007ffea7758000 	C:\Windows\System32\NSI.dll
0x00007ffea15a0000 - 0x00007ffea15b6000 	C:\Windows\SYSTEM32\dhcpcsvc6.DLL
0x00007ffea1560000 - 0x00007ffea157c000 	C:\Windows\SYSTEM32\dhcpcsvc.DLL
0x00007ffea53b0000 - 0x00007ffea5476000 	C:\Windows\SYSTEM32\DNSAPI.dll
0x00007ffea5c00000 - 0x00007ffea5ded000 	C:\Windows\SYSTEM32\dbghelp.dll

VM Arguments:
jvm_args: -Xmx1536m -Dfile.encoding=windows-1252 -Duser.country=US -Duser.language=en -Duser.variant 
java_command: org.gradle.launcher.daemon.bootstrap.GradleDaemon 5.1.1
java_class_path (initial): C:\Users\snuka\.gradle\wrapper\dists\gradle-5.1.1-all\97z1ksx6lirer3kbvdnh7jtjg\gradle-5.1.1\lib\gradle-launcher-5.1.1.jar
Launcher Type: SUN_STANDARD

Environment Variables:
PATH=C:\Program Files (x86)\Common Files\Oracle\Java\javapath;C:\Windows\system32;C:\Windows;C:\Windows\System32\Wbem;C:\Windows\System32\WindowsPowerShell\v1.0\;C:\Windows\System32\OpenSSH\;C:\Program Files\TortoiseSVN\bin;C:\Users\snuka\AppData\Local\Microsoft\WindowsApps;
USERNAME=snuka
OS=Windows_NT
PROCESSOR_IDENTIFIER=Intel64 Family 6 Model 69 Stepping 1, GenuineIntel



---------------  S Y S T E M  ---------------

OS: Windows 10.0 , 64 bit Build 17763 (10.0.17763.475)

CPU:total 4 (initial active 4) (2 cores per cpu, 2 threads per core) family 6 model 69 stepping 1, cmov, cx8, fxsr, mmx, sse, sse2, sse3, ssse3, sse4.1, sse4.2, popcnt, avx, avx2, aes, clmul, erms, lzcnt, ht, tsc, tscinvbit, bmi1, bmi2

Memory: 4k page, physical 8307036k(1926216k free), swap 12390356k(4471888k free)

vm_info: OpenJDK 64-Bit Server VM (25.202-b03) for windows-amd64 JRE (1.8.0_202-release-1483-b03), built by "builder" with MS VC++ 10.0 (VS2010)

time: Wed Jan 22 15:09:02 2020
timezone: India Standard Time
elapsed time: 9772 seconds (0d 2h 42m 52s)

